<?xml version="1.0" encoding="UTF-8"?>
<!-- Generated by org.testng.reporters.JUnitReportReporter -->
<testsuite hostname="DESKTOP-TEPTGH9" failures="0" tests="1" name="RunnerClass_one.Avilable_balance_unconformed_balance" time="23.422" errors="0" timestamp="2022-10-27T11:52:33 IST" skipped="0">
  <testcase classname="RunnerClass_one.Avilable_balance_unconformed_balance" name="balance_on_dashboard" time="23.422"/>
  <system-out/>
</testsuite> <!-- RunnerClass_one.Avilable_balance_unconformed_balance -->
