<?xml version="1.0" encoding="UTF-8"?>
<!-- Generated by org.testng.reporters.JUnitReportReporter -->
<testsuite hostname="DESKTOP-TEPTGH9" failures="0" tests="1" name="RunnerClass_one.PAymentGateway_phonenumber_field_less_than_actual_number_12_BTC" time="51.108" errors="0" timestamp="2022-11-15T13:06:01 IST" skipped="0">
  <testcase classname="RunnerClass_one.PAymentGateway_phonenumber_field_less_than_actual_number_12_BTC" name="lessthan_actual_number" time="51.108"/>
  <system-out>
    <![CDATA[Enter less than actaul phone number 
Error messsage is   Enter valid Phone Number
passed- Email field Error message is showing when user enter less than actual phone number  
contiune button is disable ]]>
  </system-out>
</testsuite> <!-- RunnerClass_one.PAymentGateway_phonenumber_field_less_than_actual_number_12_BTC -->
