<?xml version="1.0" encoding="UTF-8"?>
<!-- Generated by org.testng.reporters.JUnitReportReporter -->
<testsuite hostname="DESKTOP-TEPTGH9" failures="0" tests="1" name="RunnerClass_one.PAymentGateway_emailid_field_missing_sign_8_BTC" time="46.877" errors="0" timestamp="2022-11-15T12:48:12 IST" skipped="0">
  <testcase classname="RunnerClass_one.PAymentGateway_emailid_field_missing_sign_8_BTC" name="emailid_error_message" time="46.877"/>
  <system-out>
    <![CDATA[Email address  field is missing @ sign
Pass-Verify the email id filed With Missing @ sign and domain
Pass-Verify the email id filed With Missing @ sign and domain..
contiune button is disable]]>
  </system-out>
</testsuite> <!-- RunnerClass_one.PAymentGateway_emailid_field_missing_sign_8_BTC -->
