<?xml version="1.0" encoding="UTF-8"?>
<!-- Generated by org.testng.reporters.JUnitReportReporter -->
<testsuite hostname="DESKTOP-TEPTGH9" failures="0" tests="1" name="RunnerClass_one.Purchase_USer_POST_estimated_balance_status_LTC" time="13.544" errors="0" timestamp="2022-11-03T14:21:10 IST" skipped="0">
  <testcase classname="RunnerClass_one.Purchase_USer_POST_estimated_balance_status_LTC" name="POST_avilable_balance" time="13.544"/>
  <system-out/>
</testsuite> <!-- RunnerClass_one.Purchase_USer_POST_estimated_balance_status_LTC -->
