<?xml version="1.0" encoding="UTF-8"?>
<!-- Generated by org.testng.reporters.JUnitReportReporter -->
<testsuite hostname="DESKTOP-TEPTGH9" failures="0" tests="1" name="RunnerClass_one.PAymentGateway_emailid_field_blank_8" time="51.774" errors="0" timestamp="2022-10-28T23:13:28 IST" skipped="0">
  <testcase classname="RunnerClass_one.PAymentGateway_emailid_field_blank_8" name="street_error_message" time="51.774"/>
  <system-out/>
</testsuite> <!-- RunnerClass_one.PAymentGateway_emailid_field_blank_8 -->
