<?xml version="1.0" encoding="UTF-8"?>
<!-- Generated by org.testng.reporters.JUnitReportReporter -->
<testsuite hostname="DESKTOP-TEPTGH9" failures="0" tests="1" name="RunnerClass_one.Deposit_backbutton_functionality_BTC" time="11.577" errors="0" timestamp="2022-11-06T21:57:58 IST" skipped="0">
  <testcase classname="RunnerClass_one.Deposit_backbutton_functionality_BTC" name="launchBroswser" time="11.577"/>
  <system-out/>
</testsuite> <!-- RunnerClass_one.Deposit_backbutton_functionality_BTC -->
