<?xml version="1.0" encoding="UTF-8"?>
<!-- Generated by org.testng.reporters.JUnitReportReporter -->
<testsuite hostname="DESKTOP-TEPTGH9" failures="0" tests="1" name="RunnerClass_one.Purchase_button_hamberger_menu_functinality_BTC" time="12.386" errors="0" timestamp="2022-11-15T14:17:33 IST" skipped="0">
  <testcase classname="RunnerClass_one.Purchase_button_hamberger_menu_functinality_BTC" name="checkstatus" time="12.386"/>
  <system-out>
    <![CDATA[Enter valid amount in amount field 
Profile menu showing ,meaning user is  landing on hamberger menu
Passed- Hambermenu is Clickable
Passed-Verify that user enter valid amount in amount field then purchase button is enable.]]>
  </system-out>
</testsuite> <!-- RunnerClass_one.Purchase_button_hamberger_menu_functinality_BTC -->
