<?xml version="1.0" encoding="UTF-8"?>
<!-- Generated by org.testng.reporters.JUnitReportReporter -->
<testsuite hostname="DESKTOP-TEPTGH9" failures="0" tests="1" name="RunnerClass_one.PAymentGateway_city_dropdown_field_blank_13_BTC" time="47.035" errors="0" timestamp="2022-11-09T14:43:48 IST" skipped="0">
  <testcase classname="RunnerClass_one.PAymentGateway_city_dropdown_field_blank_13_BTC" name="citydropdown_error_message" time="47.035"/>
  <system-out>
    <![CDATA[country drop down is not selected 
state drop down is not selected 
city drop down is not selected 
Error message is  : Select City
Pass- Verify that  without selecting city ,  its should  show error message.]]>
  </system-out>
</testsuite> <!-- RunnerClass_one.PAymentGateway_city_dropdown_field_blank_13_BTC -->
