<?xml version="1.0" encoding="UTF-8"?>
<!-- Generated by org.testng.reporters.JUnitReportReporter -->
<testsuite hostname="DESKTOP-TEPTGH9" failures="0" tests="1" name="RunnerClass_one.PAymentGateway_Zipcode_field_blank_6_BTC" time="48.118" errors="0" timestamp="2022-11-08T17:14:40 IST" skipped="0">
  <testcase classname="RunnerClass_one.PAymentGateway_Zipcode_field_blank_6_BTC" name="Zipcode_error_message" time="48.118"/>
  <system-out>
    <![CDATA[Zip code field is Blank
Error message is  : Enter valid Zipcode
Pass- Verify that  without entering Zip code,  its should  show error message.]]>
  </system-out>
</testsuite> <!-- RunnerClass_one.PAymentGateway_Zipcode_field_blank_6_BTC -->
