<?xml version="1.0" encoding="UTF-8"?>
<!-- Generated by org.testng.reporters.JUnitReportReporter -->
<testsuite hostname="DESKTOP-TEPTGH9" failures="0" tests="1" name="RunnerClass_one.Tranfer_window_correct_amount_Quick_buton_status" time="17.531" errors="0" timestamp="2022-11-02T12:43:54 IST" skipped="0">
  <testcase classname="RunnerClass_one.Tranfer_window_correct_amount_Quick_buton_status" name="max_amount_error" time="17.531"/>
  <system-out/>
</testsuite> <!-- RunnerClass_one.Tranfer_window_correct_amount_Quick_buton_status -->
