<?xml version="1.0" encoding="UTF-8"?>
<!-- Generated by org.testng.reporters.JUnitReportReporter -->
<testsuite hostname="DESKTOP-TEPTGH9" failures="0" tests="1" name="Park.Test123" time="16.004" errors="0" timestamp="2022-11-11T10:41:27 IST" skipped="0">
  <testcase classname="Park.Test123" name="f" time="16.004"/>
  <system-out>
    <![CDATA[ passed-proceed button is working]]>
  </system-out>
</testsuite> <!-- Park.Test123 -->
