<?xml version="1.0" encoding="UTF-8"?>
<!-- Generated by org.testng.reporters.JUnitReportReporter -->
<testsuite hostname="DESKTOP-TEPTGH9" failures="0" tests="1" name="RunnerClass_one.PAymentGateway_lastname_field_blank_5" time="49.578" errors="0" timestamp="2022-10-28T22:57:38 IST" skipped="0">
  <testcase classname="RunnerClass_one.PAymentGateway_lastname_field_blank_5" name="lastname_error_message" time="49.578"/>
  <system-out/>
</testsuite> <!-- RunnerClass_one.PAymentGateway_lastname_field_blank_5 -->
