<?xml version="1.0" encoding="UTF-8"?>
<!-- Generated by org.testng.reporters.JUnitReportReporter -->
<testsuite hostname="DESKTOP-TEPTGH9" failures="0" tests="1" name="RunnerClass_one.DashBoard_ltc_purchase_button_functionality" time="6.569" errors="0" timestamp="2022-11-06T22:17:07 IST" skipped="0">
  <testcase classname="RunnerClass_one.DashBoard_ltc_purchase_button_functionality" name="user_LANDING_STATUS" time="6.569"/>
  <system-out>
    <![CDATA[ltc purchase button is clickable ,test case pass
Passed-Check that functinality of purchase button.(ltc )]]>
  </system-out>
</testsuite> <!-- RunnerClass_one.DashBoard_ltc_purchase_button_functionality -->
