<?xml version="1.0" encoding="UTF-8"?>
<!-- Generated by org.testng.reporters.JUnitReportReporter -->
<testsuite hostname="DESKTOP-TEPTGH9" failures="0" tests="1" name="RunnerClass_one.PAymentGateway_Zipcode_field_blank_6" time="49.341" errors="0" timestamp="2022-10-28T23:04:32 IST" skipped="0">
  <testcase classname="RunnerClass_one.PAymentGateway_Zipcode_field_blank_6" name="Zipcode_error_message" time="49.341"/>
  <system-out/>
</testsuite> <!-- RunnerClass_one.PAymentGateway_Zipcode_field_blank_6 -->
