<?xml version="1.0" encoding="UTF-8"?>
<!-- Generated by org.testng.reporters.JUnitReportReporter -->
<testsuite hostname="DESKTOP-TEPTGH9" failures="0" tests="1" name="RunnerClass_one.Expirydate_error" time="30.974" errors="0" timestamp="2022-10-19T16:01:13 IST" skipped="0">
  <testcase classname="RunnerClass_one.Expirydate_error" name="test_expirydate_error_message" time="30.974"/>
  <system-out/>
</testsuite> <!-- RunnerClass_one.Expirydate_error -->
