<?xml version="1.0" encoding="UTF-8"?>
<!-- Generated by org.testng.reporters.JUnitReportReporter -->
<testsuite hostname="DESKTOP-TEPTGH9" failures="0" tests="1" name="RunnerClass_one.Dashboard_Deposit_button_functinality_BTC" time="9.015" errors="0" timestamp="2022-11-06T22:17:07 IST" skipped="0">
  <testcase classname="RunnerClass_one.Dashboard_Deposit_button_functinality_BTC" name="user_LANDING_STATUS" time="9.015"/>
  <system-out>
    <![CDATA[Passed-Check that functinality of Deposit button.(btc )]]>
  </system-out>
</testsuite> <!-- RunnerClass_one.Dashboard_Deposit_button_functinality_BTC -->
