<?xml version="1.0" encoding="UTF-8"?>
<!-- Generated by org.testng.reporters.JUnitReportReporter -->
<testsuite hostname="DESKTOP-TEPTGH9" failures="0" tests="1" name="RunnerClass_one.PAymentGateway_Firstname_field_blank_4" time="51.591" errors="0" timestamp="2022-10-28T22:47:21 IST" skipped="0">
  <testcase classname="RunnerClass_one.PAymentGateway_Firstname_field_blank_4" name="CVV_error_message" time="51.591"/>
  <system-out/>
</testsuite> <!-- RunnerClass_one.PAymentGateway_Firstname_field_blank_4 -->
