<?xml version="1.0" encoding="UTF-8"?>
<!-- Generated by org.testng.reporters.JUnitReportReporter -->
<testsuite hostname="DESKTOP-TEPTGH9" failures="0" tests="1" name="RunnerClass_one.Tranfer_window_MAx_amount_error_message_show_ltc" time="10.534" errors="0" timestamp="2022-11-07T16:27:12 IST" skipped="0">
  <testcase classname="RunnerClass_one.Tranfer_window_MAx_amount_error_message_show_ltc" name="max_amount_error" time="10.534"/>
  <system-out>
    <![CDATA[Insufficiant Balance
Passed-Check the user can not able to enter amount more than available balance.]]>
  </system-out>
</testsuite> <!-- RunnerClass_one.Tranfer_window_MAx_amount_error_message_show_ltc -->
