<?xml version="1.0" encoding="UTF-8"?>
<!-- Generated by org.testng.reporters.JUnitReportReporter -->
<testsuite hostname="DESKTOP-TEPTGH9" failures="0" tests="1" name="RunnerClass_one.PAymentGateway_state_dropdown_field_blank_14_LTC" time="46.829" errors="0" timestamp="2022-11-09T13:40:38 IST" skipped="0">
  <testcase classname="RunnerClass_one.PAymentGateway_state_dropdown_field_blank_14_LTC" name="countrydropdown_error_message" time="46.829"/>
  <system-out>
    <![CDATA[country drop down is not selected 
state drop down is not selected 
Error message is  : Select State
Pass- Verify that  without selecting state ,  its should  show error message.]]>
  </system-out>
</testsuite> <!-- RunnerClass_one.PAymentGateway_state_dropdown_field_blank_14_LTC -->
