<?xml version="1.0" encoding="UTF-8"?>
<!-- Generated by org.testng.reporters.JUnitReportReporter -->
<testsuite hostname="DESKTOP-TEPTGH9" failures="0" tests="1" name="RunnerClass_one.PAymentGateway_firstnamepage_interger_10" time="46.749" errors="0" timestamp="2022-10-31T11:43:38 IST" skipped="0">
  <testcase classname="RunnerClass_one.PAymentGateway_firstnamepage_interger_10" name="firstname_error_message" time="46.749"/>
  <system-out/>
</testsuite> <!-- RunnerClass_one.PAymentGateway_firstnamepage_interger_10 -->
