<?xml version="1.0" encoding="UTF-8"?>
<!-- Generated by org.testng.reporters.JUnitReportReporter -->
<testsuite hostname="DESKTOP-TEPTGH9" failures="0" tests="1" name="RunnerClass_one.PAymentGateway_phonenumber_field_enter_string_symbol_12_BTC" time="52.552" errors="0" timestamp="2022-11-16T08:27:17 IST" skipped="0">
  <testcase classname="RunnerClass_one.PAymentGateway_phonenumber_field_enter_string_symbol_12_BTC" name="firstname_error_message" time="52.552"/>
  <system-out>
    <![CDATA[Enter string ,sp symbol in phone number field]]>
  </system-out>
</testsuite> <!-- RunnerClass_one.PAymentGateway_phonenumber_field_enter_string_symbol_12_BTC -->
