<?xml version="1.0" encoding="UTF-8"?>
<!-- Generated by org.testng.reporters.JUnitReportReporter -->
<testsuite hostname="DESKTOP-TEPTGH9" failures="0" tests="1" name="RunnerClass_one.PAymentGateway_lastname_field_enter_sp_symbol_11_BTC" time="48.014" errors="0" timestamp="2022-11-15T13:31:27 IST" skipped="0">
  <testcase classname="RunnerClass_one.PAymentGateway_lastname_field_enter_sp_symbol_11_BTC" name="firstname_error_message_enter_sp_symbol" time="48.014"/>
  <system-out>
    <![CDATA[Enter sp symbol value in last name field
passed-Verify user should not enter special character in last name field on screen.
contiune button is disable]]>
  </system-out>
</testsuite> <!-- RunnerClass_one.PAymentGateway_lastname_field_enter_sp_symbol_11_BTC -->
