<?xml version="1.0" encoding="UTF-8"?>
<!-- Generated by org.testng.reporters.JUnitReportReporter -->
<testsuite hostname="DESKTOP-TEPTGH9" failures="0" tests="1" name="RunnerClass_one.Deposit_balance_LTC" time="5.183" errors="0" timestamp="2022-11-03T15:34:24 IST" skipped="0">
  <testcase classname="RunnerClass_one.Deposit_balance_LTC" name="btc_balance_show_deposit_window" time="5.183"/>
  <system-out/>
</testsuite> <!-- RunnerClass_one.Deposit_balance_LTC -->
