<?xml version="1.0" encoding="UTF-8"?>
<!-- Generated by org.testng.reporters.JUnitReportReporter -->
<testsuite hostname="DESKTOP-TEPTGH9" failures="0" tests="1" name="RunnerClass_one.Purchase_AMOUNT_field_enter_valid_amount_3" time="13.209" errors="0" timestamp="2022-11-03T12:11:15 IST" skipped="0">
  <testcase classname="RunnerClass_one.Purchase_AMOUNT_field_enter_valid_amount_3" name="checkstatus" time="13.209"/>
  <system-out/>
</testsuite> <!-- RunnerClass_one.Purchase_AMOUNT_field_enter_valid_amount_3 -->
