<?xml version="1.0" encoding="UTF-8"?>
<!-- Generated by org.testng.reporters.JUnitReportReporter -->
<testsuite hostname="DESKTOP-TEPTGH9" failures="0" tests="1" name="RunnerClass_one.New_user_firstName_entering_string_errormessage" time="16.925" errors="0" timestamp="2022-10-27T15:24:10 IST" skipped="0">
  <testcase classname="RunnerClass_one.New_user_firstName_entering_string_errormessage" name="First_name_validation" time="16.925"/>
  <system-out/>
</testsuite> <!-- RunnerClass_one.New_user_firstName_entering_string_errormessage -->
