<?xml version="1.0" encoding="UTF-8"?>
<!-- Generated by org.testng.reporters.JUnitReportReporter -->
<testsuite hostname="DESKTOP-TEPTGH9" failures="0" tests="1" name="RunnerClass_one.PAymentGateway_birthdate_not_selecting_16_LTC" time="42.928" errors="0" timestamp="2022-11-09T15:15:03 IST" skipped="0">
  <testcase classname="RunnerClass_one.PAymentGateway_birthdate_not_selecting_16_LTC" name="citydropdown_error_message" time="42.928"/>
  <system-out>
    <![CDATA[Birth date field  is Blank
failed- Check that without  selecting date ,continue button is disable .]]>
  </system-out>
</testsuite> <!-- RunnerClass_one.PAymentGateway_birthdate_not_selecting_16_LTC -->
