<?xml version="1.0" encoding="UTF-8"?>
<!-- Generated by org.testng.reporters.JUnitReportReporter -->
<testsuite hostname="DESKTOP-TEPTGH9" failures="0" tests="1" name="RunnerClass.LTC_CRYPTO_check" time="5.592" errors="0" timestamp="2022-10-12T16:17:39 IST" skipped="0">
  <testcase classname="RunnerClass.LTC_CRYPTO_check" name="AvilableBalanace" time="5.592"/>
  <system-out/>
</testsuite> <!-- RunnerClass.LTC_CRYPTO_check -->
