<?xml version="1.0" encoding="UTF-8"?>
<!-- Generated by org.testng.reporters.JUnitReportReporter -->
<testsuite hostname="DESKTOP-TEPTGH9" failures="0" tests="1" name="RunnerClass_one.PAymentGateway_emailid_field_interger_symbol_12_BTC" time="51.101" errors="0" timestamp="2022-11-07T13:30:01 IST" skipped="0">
  <testcase classname="RunnerClass_one.PAymentGateway_emailid_field_interger_symbol_12_BTC" name="firstname_error_message" time="51.101"/>
  <system-out>
    <![CDATA[Passed- Verify user should not enter intger value  in mobile number field.]]>
  </system-out>
</testsuite> <!-- RunnerClass_one.PAymentGateway_emailid_field_interger_symbol_12_BTC -->
