<?xml version="1.0" encoding="UTF-8"?>
<!-- Generated by org.testng.reporters.JUnitReportReporter -->
<testsuite hostname="DESKTOP-TEPTGH9" failures="0" tests="1" name="RunnerClass_one.DashBoard_ltc_button_functionality" time="8.293" errors="0" timestamp="2022-10-27T10:21:12 IST" skipped="0">
  <testcase classname="RunnerClass_one.DashBoard_ltc_button_functionality" name="user_LANDING_STATUS" time="8.293"/>
  <system-out>
    <![CDATA[ltc purchase button is clickable ,test case pass]]>
  </system-out>
</testsuite> <!-- RunnerClass_one.DashBoard_ltc_button_functionality -->
