<?xml version="1.0" encoding="UTF-8"?>
<!-- Generated by org.testng.reporters.JUnitReportReporter -->
<testsuite hostname="DESKTOP-TEPTGH9" failures="0" tests="1" name="RunnerClass_one.Dashboard_btc_and_ltc_crypto_balance" time="20.282" errors="0" timestamp="2022-11-06T22:17:07 IST" skipped="0">
  <testcase classname="RunnerClass_one.Dashboard_btc_and_ltc_crypto_balance" name="balance_on_dashboard" time="20.282"/>
  <system-out>
    <![CDATA[ltc crypto balance is : 0.00000000
btc crypto balance is : 0.00000000
Passed-Verify tnat user can able to to see crypto balance for ltc & btc ]]>
  </system-out>
</testsuite> <!-- RunnerClass_one.Dashboard_btc_and_ltc_crypto_balance -->
