<?xml version="1.0" encoding="UTF-8"?>
<!-- Generated by org.testng.reporters.JUnitReportReporter -->
<testsuite hostname="DESKTOP-TEPTGH9" failures="0" tests="1" name="RunnerClass_one.PAymentGateway_emailid_field_blank_8_BTC" time="46.887" errors="0" timestamp="2022-11-07T13:18:56 IST" skipped="0">
  <testcase classname="RunnerClass_one.PAymentGateway_emailid_field_blank_8_BTC" name="emailid_error_message" time="46.887"/>
  <system-out>
    <![CDATA[Pass- Check in Email id field, mandatory field is marked with a red asterisk symbol.]]>
  </system-out>
</testsuite> <!-- RunnerClass_one.PAymentGateway_emailid_field_blank_8_BTC -->
