<?xml version="1.0" encoding="UTF-8"?>
<!-- Generated by org.testng.reporters.JUnitReportReporter -->
<testsuite hostname="DESKTOP-TEPTGH9" failures="0" tests="1" name="RunnerClass_one.hAmberger_menu_clicking_on_Preference_menu" time="14.597" errors="0" timestamp="2022-11-11T11:56:18 IST" skipped="0">
  <testcase classname="RunnerClass_one.hAmberger_menu_clicking_on_Preference_menu" name="click_on_TransactonHistory_Menu" time="14.597"/>
  <system-out>
    <![CDATA[Profile menu showing ,meaning user is  landing on hamberger menu
user is landing on : 2FA
prefernce  button is clickable
Passed-Check that functinality of prefernce  buttton]]>
  </system-out>
</testsuite> <!-- RunnerClass_one.hAmberger_menu_clicking_on_Preference_menu -->
