<?xml version="1.0" encoding="UTF-8"?>
<!-- Generated by org.testng.reporters.JUnitReportReporter -->
<testsuite hostname="DESKTOP-TEPTGH9" failures="0" tests="1" name="RunnerClass_one.PAymentGateway_date_of_birth_less_than18_error_message_6_BTC" time="53.959" errors="0" timestamp="2022-11-09T15:29:31 IST" skipped="0">
  <testcase classname="RunnerClass_one.PAymentGateway_date_of_birth_less_than18_error_message_6_BTC" name="citydropdown_error_message" time="53.959"/>
  <system-out>
    <![CDATA[Zip code field is Blank
Error message is  : Age should be in range of 18 to 100
Pass- date of birth field shows Error message  when selecting birth date less than 18 year ]]>
  </system-out>
</testsuite> <!-- RunnerClass_one.PAymentGateway_date_of_birth_less_than18_error_message_6_BTC -->
