<?xml version="1.0" encoding="UTF-8"?>
<!-- Generated by org.testng.reporters.JUnitReportReporter -->
<testsuite hostname="DESKTOP-TEPTGH9" failures="0" tests="1" name="RunnerClass_one.hAmberger_menu_clicking_on_LOgout_POPup_menu" time="14.701" errors="0" timestamp="2022-11-11T12:55:04 IST" skipped="0">
  <testcase classname="RunnerClass_one.hAmberger_menu_clicking_on_LOgout_POPup_menu" name="click_on_logout_Menu" time="14.701"/>
  <system-out>
    <![CDATA[Profile menu showing ,meaning user is  landing on hamberger menu
User is landing on  : Do you want to logout ?
logout button is clickable
Passed-Check that functinality of logout button
user landing on Welcome to
logout button is clickable,user is landing on welcome to niva pay page
Passed-Check that functinality of logout button]]>
  </system-out>
</testsuite> <!-- RunnerClass_one.hAmberger_menu_clicking_on_LOgout_POPup_menu -->
