<?xml version="1.0" encoding="UTF-8"?>
<!-- Generated by org.testng.reporters.JUnitReportReporter -->
<testsuite hostname="DESKTOP-TEPTGH9" failures="0" tests="1" name="RunnerClass_one.Purchase_crypto_amaountShowing_estimated_amount_BTC" time="21.572" errors="0" timestamp="2022-11-03T12:19:00 IST" skipped="0">
  <testcase classname="RunnerClass_one.Purchase_crypto_amaountShowing_estimated_amount_BTC" name="checkcrypto" time="21.572"/>
  <system-out/>
</testsuite> <!-- RunnerClass_one.Purchase_crypto_amaountShowing_estimated_amount_BTC -->
