<?xml version="1.0" encoding="UTF-8"?>
<!-- Generated by org.testng.reporters.JUnitReportReporter -->
<testsuite hostname="DESKTOP-TEPTGH9" failures="0" tests="1" name="RunnerClass_one.PAymentGateway_date_of_birth_More_than_100year_error_message_6_LTC" time="57.717" errors="0" timestamp="2022-11-09T16:12:17 IST" skipped="0">
  <testcase classname="RunnerClass_one.PAymentGateway_date_of_birth_More_than_100year_error_message_6_LTC" name="citydropdown_error_message" time="57.717"/>
  <system-out>
    <![CDATA[Birth date is less Than 18 year
Error message is  : Age should be in range of 18 to 100
Pass- date of birth field shows Error message  when selecting birth date More than 100 year  ]]>
  </system-out>
</testsuite> <!-- RunnerClass_one.PAymentGateway_date_of_birth_More_than_100year_error_message_6_LTC -->
