<?xml version="1.0" encoding="UTF-8"?>
<!-- Generated by org.testng.reporters.JUnitReportReporter -->
<testsuite hostname="DESKTOP-TEPTGH9" failures="0" tests="1" name="RunnerClass.TCNO13_AMOUNT_field_enter_string" time="12.068" errors="0" timestamp="2022-10-12T16:10:42 IST" skipped="0">
  <testcase classname="RunnerClass.TCNO13_AMOUNT_field_enter_string" name="checkstatus" time="12.068"/>
  <system-out/>
</testsuite> <!-- RunnerClass.TCNO13_AMOUNT_field_enter_string -->
