<?xml version="1.0" encoding="UTF-8"?>
<!-- Generated by org.testng.reporters.JUnitReportReporter -->
<testsuite hostname="DESKTOP-TEPTGH9" failures="0" tests="1" name="RunnerClass_one.Purchase_AMOUNT_field_enter_string" time="12.045" errors="0" timestamp="2022-11-03T11:03:58 IST" skipped="0">
  <testcase classname="RunnerClass_one.Purchase_AMOUNT_field_enter_string" name="checkstatus" time="12.045"/>
  <system-out/>
</testsuite> <!-- RunnerClass_one.Purchase_AMOUNT_field_enter_string -->
