<?xml version="1.0" encoding="UTF-8"?>
<!-- Generated by org.testng.reporters.JUnitReportReporter -->
<testsuite hostname="DESKTOP-TEPTGH9" failures="0" tests="1" name="RunnerClass_one.PAymentGateway_cardnumber_invalid_1_LTC" time="42.220" errors="0" timestamp="2022-11-14T18:05:27 IST" skipped="0">
  <testcase classname="RunnerClass_one.PAymentGateway_cardnumber_invalid_1_LTC" name="cardnumber_error_message" time="42.220"/>
  <system-out>
    <![CDATA[Enter invalid Card number 
passed-button is disabled without entering valid Card number
Passed-Verify that  entering invalid  card number on card number field its should be show error message.
contiune button is disable]]>
  </system-out>
</testsuite> <!-- RunnerClass_one.PAymentGateway_cardnumber_invalid_1_LTC -->
