<?xml version="1.0" encoding="UTF-8"?>
<!-- Generated by org.testng.reporters.JUnitReportReporter -->
<testsuite hostname="DESKTOP-TEPTGH9" failures="0" tests="1" name="RunnerClass.TCNO3_Check_BitcoinCAsh_CryptoCurrency" time="7.198" errors="0" timestamp="2022-10-12T18:19:46 IST" skipped="0">
  <testcase classname="RunnerClass.TCNO3_Check_BitcoinCAsh_CryptoCurrency" name="btccryptocurrency" time="7.198"/>
  <system-out/>
</testsuite> <!-- RunnerClass.TCNO3_Check_BitcoinCAsh_CryptoCurrency -->
