<?xml version="1.0" encoding="UTF-8"?>
<!-- Generated by org.testng.reporters.JUnitReportReporter -->
<testsuite hostname="DESKTOP-TEPTGH9" failures="0" tests="1" name="RunnerClass_one.New_user_successful_flow_nextbutton_status" time="25.300" errors="0" timestamp="2022-10-28T13:30:59 IST" skipped="0">
  <testcase classname="RunnerClass_one.New_user_successful_flow_nextbutton_status" name="datefield_blank_button_status" time="25.300"/>
  <system-out/>
</testsuite> <!-- RunnerClass_one.New_user_successful_flow_nextbutton_status -->
