<?xml version="1.0" encoding="UTF-8"?>
<!-- Generated by org.testng.reporters.JUnitReportReporter -->
<testsuite hostname="DESKTOP-TEPTGH9" failures="0" tests="1" name="RunnerClass.TCNO6_LTC_CRYPTO_check" time="5.654" errors="0" timestamp="2022-10-12T16:30:18 IST" skipped="0">
  <testcase classname="RunnerClass.TCNO6_LTC_CRYPTO_check" name="AvilableBalanace" time="5.654"/>
  <system-out/>
</testsuite> <!-- RunnerClass.TCNO6_LTC_CRYPTO_check -->
