<?xml version="1.0" encoding="UTF-8"?>
<!-- Generated by org.testng.reporters.JUnitReportReporter -->
<testsuite hostname="DESKTOP-TEPTGH9" failures="0" tests="1" name="RunnerClass_one.hAmberger_menu_clicking_on_Transaction_histrory_click" time="23.770" errors="0" timestamp="2022-11-11T15:39:12 IST" skipped="0">
  <testcase classname="RunnerClass_one.hAmberger_menu_clicking_on_Transaction_histrory_click" name="click_on_TransactonHistory_Menu" time="23.770"/>
  <system-out>
    <![CDATA[Profile menu showing ,meaning user is  landing on hamberger menu
Currency is : LTC
Type is : Deposit
amount is : 0.14777233
fiat value is  : US $10.50
date is : 11/7/22, 3:49 PM (UTC)
transaction hash is  : 
status is : Requested]]>
  </system-out>
</testsuite> <!-- RunnerClass_one.hAmberger_menu_clicking_on_Transaction_histrory_click -->
