<?xml version="1.0" encoding="UTF-8"?>
<!-- Generated by org.testng.reporters.JUnitReportReporter -->
<testsuite hostname="DESKTOP-TEPTGH9" failures="0" tests="1" name="RunnerClass_one.hAmberger_menu_clicking_on_close_button_pop" time="13.819" errors="0" timestamp="2022-11-11T13:06:47 IST" skipped="0">
  <testcase classname="RunnerClass_one.hAmberger_menu_clicking_on_close_button_pop" name="click_on_logout_Menu" time="13.819"/>
  <system-out>
    <![CDATA[Profile menu showing ,meaning user is  landing on hamberger menu
close  button is clickable,user is landing on hamberger menu 
Passed-Check that functinality of close button]]>
  </system-out>
</testsuite> <!-- RunnerClass_one.hAmberger_menu_clicking_on_close_button_pop -->
