<?xml version="1.0" encoding="UTF-8"?>
<!-- Generated by org.testng.reporters.JUnitReportReporter -->
<testsuite hostname="DESKTOP-TEPTGH9" failures="0" tests="1" name="RunnerClass_one.DashBoard_btc_button_functionality" time="8.434" errors="0" timestamp="2022-10-27T10:16:39 IST" skipped="0">
  <testcase classname="RunnerClass_one.DashBoard_btc_button_functionality" name="user_LANDING_STATUS" time="8.434"/>
  <system-out/>
</testsuite> <!-- RunnerClass_one.DashBoard_btc_button_functionality -->
