<?xml version="1.0" encoding="UTF-8"?>
<!-- Generated by org.testng.reporters.JUnitReportReporter -->
<testsuite hostname="DESKTOP-TEPTGH9" failures="0" tests="1" name="RunnerClass_one.Purchase_crypto_amaountShowing" time="21.553" errors="0" timestamp="2022-11-03T12:08:29 IST" skipped="0">
  <testcase classname="RunnerClass_one.Purchase_crypto_amaountShowing" name="checkcrypto" time="21.553"/>
  <system-out/>
</testsuite> <!-- RunnerClass_one.Purchase_crypto_amaountShowing -->
