<?xml version="1.0" encoding="UTF-8"?>
<!-- Generated by org.testng.reporters.JUnitReportReporter -->
<testsuite hostname="DESKTOP-TEPTGH9" failures="0" tests="1" name="RunnerClass_one.PAymentGateway_Street_field_blank_7" time="47.757" errors="0" timestamp="2022-11-06T22:11:46 IST" skipped="0">
  <testcase classname="RunnerClass_one.PAymentGateway_Street_field_blank_7" name="street_error_message" time="47.757"/>
  <system-out>
    <![CDATA[Pass- Check in Street field filed, mandatory field is marked with a red asterisk symbol.]]>
  </system-out>
</testsuite> <!-- RunnerClass_one.PAymentGateway_Street_field_blank_7 -->
