<?xml version="1.0" encoding="UTF-8"?>
<!-- Generated by org.testng.reporters.JUnitReportReporter -->
<testsuite hostname="DESKTOP-TEPTGH9" failures="0" tests="1" name="RunnerClass_one.hAmberger_menu_clicking_on_My_balance_menu" time="14.186" errors="0" timestamp="2022-11-11T11:39:48 IST" skipped="0">
  <testcase classname="RunnerClass_one.hAmberger_menu_clicking_on_My_balance_menu" name="click_on_myprofile_Menu" time="14.186"/>
  <system-out>
    <![CDATA[Profile menu showing ,meaning user is  landing on hamberger menu
User avilable balance : US $0.00
User unconfirme balance : US $0.00
My balance  button is clickable
Passed-Check that functinality of My balance buttton]]>
  </system-out>
</testsuite> <!-- RunnerClass_one.hAmberger_menu_clicking_on_My_balance_menu -->
