<?xml version="1.0" encoding="UTF-8"?>
<!-- Generated by org.testng.reporters.JUnitReportReporter -->
<testsuite hostname="DESKTOP-TEPTGH9" failures="0" tests="1" name="RunnerClass_one.Purchase_USer_Enter_string_purchase_buttonstatus_LTC" time="10.171" errors="0" timestamp="2022-11-08T12:58:29 IST" skipped="0">
  <testcase classname="RunnerClass_one.Purchase_USer_Enter_string_purchase_buttonstatus_LTC" name="avilable_balance" time="10.171"/>
  <system-out>
    <![CDATA[avilable balance(crypto)  btc :0.1826489
avilable balance (usd) btc :US $11.68
Enter string vale in amount field
Purchase button is disable 
Passed- after entring string value ,Purchase button is disable]]>
  </system-out>
</testsuite> <!-- RunnerClass_one.Purchase_USer_Enter_string_purchase_buttonstatus_LTC -->
