<?xml version="1.0" encoding="UTF-8"?>
<!-- Generated by org.testng.reporters.JUnitReportReporter -->
<testsuite hostname="DESKTOP-TEPTGH9" failures="0" tests="1" name="RunnerClass_one.hAmberger_menu_clicking_on_LOgout_buttton_menu" time="13.883" errors="0" timestamp="2022-11-11T12:14:09 IST" skipped="0">
  <testcase classname="RunnerClass_one.hAmberger_menu_clicking_on_LOgout_buttton_menu" name="click_on_TransactonHistory_Menu" time="13.883"/>
  <system-out>
    <![CDATA[Profile menu showing ,meaning user is  landing on hamberger menu
User is landing on  : Do you want to logout ?
logout button is clickable
logout button is clickable
Passed-Check that functinality of logout button]]>
  </system-out>
</testsuite> <!-- RunnerClass_one.hAmberger_menu_clicking_on_LOgout_buttton_menu -->
