<?xml version="1.0" encoding="UTF-8"?>
<!-- Generated by org.testng.reporters.JUnitReportReporter -->
<testsuite hostname="DESKTOP-TEPTGH9" failures="0" tests="1" name="RunnerClass_one.TCNO_12_1_10_invalid_cvv" time="30.332" errors="0" timestamp="2022-10-19T17:37:51 IST" skipped="0">
  <testcase classname="RunnerClass_one.TCNO_12_1_10_invalid_cvv" name="CHEckedStauts" time="30.332"/>
  <system-out>
    <![CDATA[TC 12.1.38-Verify that user should be enter invalid cvv  detail then system show error message.]]>
  </system-out>
</testsuite> <!-- RunnerClass_one.TCNO_12_1_10_invalid_cvv -->
