<?xml version="1.0" encoding="UTF-8"?>
<!-- Generated by org.testng.reporters.JUnitReportReporter -->
<testsuite hostname="DESKTOP-TEPTGH9" failures="0" tests="1" name="RunnerClass_one.Tranfer_window_MAx_amount_error_message_show_BTC" time="12.114" errors="0" timestamp="2022-11-08T17:14:40 IST" skipped="0">
  <testcase classname="RunnerClass_one.Tranfer_window_MAx_amount_error_message_show_BTC" name="max_amount_error" time="12.114"/>
  <system-out>
    <![CDATA[avaliabale balance: US $8.83
Enter maximum amount in amount field : 111
Error message is :Insufficiant Balance
Quick transfer button is disabled
Passed- Check the user can not able to enter amount more than available balance .]]>
  </system-out>
</testsuite> <!-- RunnerClass_one.Tranfer_window_MAx_amount_error_message_show_BTC -->
