<?xml version="1.0" encoding="UTF-8"?>
<!-- Generated by org.testng.reporters.JUnitReportReporter -->
<testsuite hostname="DESKTOP-TEPTGH9" failures="0" tests="1" name="RunnerClass_one.PAymentGateway_Expirydate_blank_2" time="42.243" errors="0" timestamp="2022-10-28T22:18:32 IST" skipped="0">
  <testcase classname="RunnerClass_one.PAymentGateway_Expirydate_blank_2" name="cardnumber_error_message" time="42.243"/>
  <system-out/>
</testsuite> <!-- RunnerClass_one.PAymentGateway_Expirydate_blank_2 -->
