<?xml version="1.0" encoding="UTF-8"?>
<!-- Generated by org.testng.reporters.JUnitReportReporter -->
<testsuite hostname="DESKTOP-TEPTGH9" failures="0" tests="1" name="RunnerClass_one.Tranfer_window_ltc_balance_usd_crypto" time="6.422" errors="0" timestamp="2022-11-02T13:05:34 IST" skipped="0">
  <testcase classname="RunnerClass_one.Tranfer_window_ltc_balance_usd_crypto" name="ltc_crypto_usd" time="6.422"/>
  <system-out/>
</testsuite> <!-- RunnerClass_one.Tranfer_window_ltc_balance_usd_crypto -->
