<?xml version="1.0" encoding="UTF-8"?>
<!-- Generated by org.testng.reporters.JUnitReportReporter -->
<testsuite hostname="DESKTOP-TEPTGH9" failures="0" tests="1" name="RunnerClass_one.PAymentGateway_lastnamepage_interger_11" time="48.737" errors="0" timestamp="2022-10-31T11:51:12 IST" skipped="0">
  <testcase classname="RunnerClass_one.PAymentGateway_lastnamepage_interger_11" name="firstname_error_message" time="48.737"/>
  <system-out/>
</testsuite> <!-- RunnerClass_one.PAymentGateway_lastnamepage_interger_11 -->
