<?xml version="1.0" encoding="UTF-8"?>
<!-- Generated by org.testng.reporters.JUnitReportReporter -->
<testsuite hostname="DESKTOP-TEPTGH9" failures="0" tests="1" name="RunnerClass_one.PAymentGateway_firstnamepage_sp_symbol_10_BTC" time="47.421" errors="0" timestamp="2022-11-15T13:18:06 IST" skipped="0">
  <testcase classname="RunnerClass_one.PAymentGateway_firstnamepage_sp_symbol_10_BTC" name="firstname_error_message" time="47.421"/>
  <system-out>
    <![CDATA[Enter Sp symbol in First name field 
PAss-firstname field Error message is showing when user enter sp symbol 
contiune button is disable ]]>
  </system-out>
</testsuite> <!-- RunnerClass_one.PAymentGateway_firstnamepage_sp_symbol_10_BTC -->
