<?xml version="1.0" encoding="UTF-8"?>
<!-- Generated by org.testng.reporters.JUnitReportReporter -->
<testsuite hostname="DESKTOP-TEPTGH9" failures="0" tests="1" name="RunnerClass_one.PAymentgateway_invlalid_carddetail_payment_gatewayScreen_LTC" time="10.237" errors="0" timestamp="2022-11-07T15:44:28 IST" skipped="0">
  <testcase classname="RunnerClass_one.PAymentgateway_invlalid_carddetail_payment_gatewayScreen_LTC" name="error_message" time="10.237"/>
  <system-out>
    <![CDATA[Verify that user should be enter invalid card detail then system show error message.]]>
  </system-out>
</testsuite> <!-- RunnerClass_one.PAymentgateway_invlalid_carddetail_payment_gatewayScreen_LTC -->
