<?xml version="1.0" encoding="UTF-8"?>
<!-- Generated by org.testng.reporters.JUnitReportReporter -->
<testsuite hostname="DESKTOP-TEPTGH9" failures="0" tests="1" name="RunnerClass_one.Deposit_buy_button_functionality_LTC" time="5.970" errors="0" timestamp="2022-11-07T08:50:42 IST" skipped="0">
  <testcase classname="RunnerClass_one.Deposit_buy_button_functionality_LTC" name="launchBroswser" time="5.970"/>
  <system-out/>
</testsuite> <!-- RunnerClass_one.Deposit_buy_button_functionality_LTC -->
