<?xml version="1.0" encoding="UTF-8"?>
<!-- Generated by org.testng.reporters.JUnitReportReporter -->
<testsuite hostname="DESKTOP-TEPTGH9" failures="0" tests="1" name="RunnerClass_one.Deposit_backbutton_functionality_LTC" time="10.334" errors="0" timestamp="2022-11-03T15:49:56 IST" skipped="0">
  <testcase classname="RunnerClass_one.Deposit_backbutton_functionality_LTC" name="launchBroswser" time="10.334"/>
  <system-out/>
</testsuite> <!-- RunnerClass_one.Deposit_backbutton_functionality_LTC -->
