<?xml version="1.0" encoding="UTF-8"?>
<!-- Generated by org.testng.reporters.JUnitReportReporter -->
<testsuite hostname="DESKTOP-TEPTGH9" failures="0" tests="1" name="RunnerClass_one.invalidcvv" time="0.028" errors="0" timestamp="2022-10-19T16:56:14 IST" skipped="0">
  <testcase classname="RunnerClass_one.invalidcvv" name="f" time="0.028"/>
  <system-out/>
</testsuite> <!-- RunnerClass_one.invalidcvv -->
