<?xml version="1.0" encoding="UTF-8"?>
<!-- Generated by org.testng.reporters.JUnitReportReporter -->
<testsuite hostname="DESKTOP-TEPTGH9" failures="0" tests="1" name="RunnerClass_one.Deposite_hamberger_menu_click" time="7.141" errors="0" timestamp="2022-11-15T13:58:55 IST" skipped="0">
  <testcase classname="RunnerClass_one.Deposite_hamberger_menu_click" name="user_LANDING_STATUS" time="7.141"/>
  <system-out>
    <![CDATA[Passed-Check that functinality of Deposit button.(btc )
Profile menu showing ,meaning user is  landing on hamberger menu
Passed- Hambermenu is Clickable]]>
  </system-out>
</testsuite> <!-- RunnerClass_one.Deposite_hamberger_menu_click -->
