<?xml version="1.0" encoding="UTF-8"?>
<!-- Generated by org.testng.reporters.JUnitReportReporter -->
<testsuite hostname="DESKTOP-TEPTGH9" failures="0" tests="1" name="RunnerClass_one.Purchase_USer_avilable_balance_BTC" time="4.903" errors="0" timestamp="2022-11-03T13:56:01 IST" skipped="0">
  <testcase classname="RunnerClass_one.Purchase_USer_avilable_balance_BTC" name="avilable_balance" time="4.903"/>
  <system-out/>
</testsuite> <!-- RunnerClass_one.Purchase_USer_avilable_balance_BTC -->
