<?xml version="1.0" encoding="UTF-8"?>
<!-- Generated by org.testng.reporters.JUnitReportReporter -->
<testsuite hostname="DESKTOP-TEPTGH9" failures="0" tests="2" name="RunnerClass.TCNO555_AMOUNT_field_enter_string2crossbrowsing" time="25.168" errors="0" timestamp="2022-10-12T18:22:26 IST" skipped="0">
  <testcase classname="RunnerClass.TCNO555_AMOUNT_field_enter_string2crossbrowsing" name="checkstatus" time="13.037"/>
  <system-out/>
  <testcase classname="RunnerClass.TCNO555_AMOUNT_field_enter_string2crossbrowsing" name="checkstatus" time="12.131"/>
  <system-out/>
</testsuite> <!-- RunnerClass.TCNO555_AMOUNT_field_enter_string2crossbrowsing -->
