<?xml version="1.0" encoding="UTF-8"?>
<!-- Generated by org.testng.reporters.JUnitReportReporter -->
<testsuite hostname="DESKTOP-TEPTGH9" failures="0" tests="1" name="RunnerClass.TCNO12_FAiled_carddetail_3DS" time="39.075" errors="0" timestamp="2022-10-12T18:16:22 IST" skipped="0">
  <testcase classname="RunnerClass.TCNO12_FAiled_carddetail_3DS" name="CHEckedStauts" time="39.075"/>
  <system-out>
    <![CDATA[TCNO12. When user use invalid card that time error message should show and payment will be failed is passed.]]>
  </system-out>
</testsuite> <!-- RunnerClass.TCNO12_FAiled_carddetail_3DS -->
