<?xml version="1.0" encoding="UTF-8"?>
<!-- Generated by org.testng.reporters.JUnitReportReporter -->
<testsuite hostname="DESKTOP-TEPTGH9" failures="0" tests="1" name="RunnerClass_one.Tranfer_window_btc_balance_usd_crypto_BTC" time="5.827" errors="0" timestamp="2022-11-03T12:47:45 IST" skipped="0">
  <testcase classname="RunnerClass_one.Tranfer_window_btc_balance_usd_crypto_BTC" name="btc_crypto_usd" time="5.827"/>
  <system-out/>
</testsuite> <!-- RunnerClass_one.Tranfer_window_btc_balance_usd_crypto_BTC -->
