<?xml version="1.0" encoding="UTF-8"?>
<!-- Generated by org.testng.reporters.JUnitReportReporter -->
<testsuite hostname="DESKTOP-TEPTGH9" failures="0" tests="1" name="RunnerClass_one.PAymentGateway_cardnumber_blank_1_BTC" time="41.529" errors="0" timestamp="2022-11-15T17:24:16 IST" skipped="0">
  <testcase classname="RunnerClass_one.PAymentGateway_cardnumber_blank_1_BTC" name="cardnumber_error_message" time="41.529"/>
  <system-out>
    <![CDATA[Card number field is Blank
passed-button is disabled without entering Card number
Passed-Verify that by without entering card number on card number field its should be show error message.]]>
  </system-out>
</testsuite> <!-- RunnerClass_one.PAymentGateway_cardnumber_blank_1_BTC -->
