<?xml version="1.0" encoding="UTF-8"?>
<!-- Generated by org.testng.reporters.JUnitReportReporter -->
<testsuite hostname="DESKTOP-TEPTGH9" failures="0" tests="1" name="RunnerClass_one.Dashboard_Avilable_balance_unconformed_balance" time="15.177" errors="0" timestamp="2022-11-06T22:17:07 IST" skipped="0">
  <testcase classname="RunnerClass_one.Dashboard_Avilable_balance_unconformed_balance" name="balance_on_dashboard" time="15.177"/>
  <system-out>
    <![CDATA[avilable balance : US $0.00
unconfirmed_balance : US $0.00
Passed-Verify that user can able to see Avilable balance and unconfirmed balance .]]>
  </system-out>
</testsuite> <!-- RunnerClass_one.Dashboard_Avilable_balance_unconformed_balance -->
