<?xml version="1.0" encoding="UTF-8"?>
<!-- Generated by org.testng.reporters.JUnitReportReporter -->
<testsuite hostname="DESKTOP-TEPTGH9" failures="0" tests="1" name="RunnerClass_one.Dashboard_Deposit_button_functinality_LTC" time="12.179" errors="0" timestamp="2022-11-06T22:17:07 IST" skipped="0">
  <testcase classname="RunnerClass_one.Dashboard_Deposit_button_functinality_LTC" name="user_LANDING_STATUS" time="12.179"/>
  <system-out>
    <![CDATA[Passed-Check that functinality of Deposit button.(Ltc )]]>
  </system-out>
</testsuite> <!-- RunnerClass_one.Dashboard_Deposit_button_functinality_LTC -->
