<?xml version="1.0" encoding="UTF-8"?>
<!-- Generated by org.testng.reporters.JUnitReportReporter -->
<testsuite hostname="DESKTOP-TEPTGH9" failures="0" tests="1" name="RunnerClass_one.hAmberger_menu_clicking_on_Transaction_histrory_menu" time="15.083" errors="0" timestamp="2022-11-11T15:37:49 IST" skipped="0">
  <testcase classname="RunnerClass_one.hAmberger_menu_clicking_on_Transaction_histrory_menu" name="click_on_TransactonHistory_Menu" time="15.083"/>
  <system-out>
    <![CDATA[Profile menu showing ,meaning user is  landing on hamberger menu
user landing on :Transaction History
Transaction history  button is clickable
Passed-Check that functinality of Transaction history buttton]]>
  </system-out>
</testsuite> <!-- RunnerClass_one.hAmberger_menu_clicking_on_Transaction_histrory_menu -->
