<?xml version="1.0" encoding="UTF-8"?>
<!-- Generated by org.testng.reporters.JUnitReportReporter -->
<testsuite hostname="DESKTOP-TEPTGH9" failures="0" tests="1" name="RunnerClass_one.PAymentGateway_country_dropdown_field_blank_13_LTC" time="51.146" errors="0" timestamp="2022-11-09T13:24:59 IST" skipped="0">
  <testcase classname="RunnerClass_one.PAymentGateway_country_dropdown_field_blank_13_LTC" name="countrydropdown_error_message" time="51.146"/>
  <system-out>
    <![CDATA[country drop down is not selected 
Error message is  : Select Country
Pass- Verify that  without selecting dropdown,  its should  show error message.]]>
  </system-out>
</testsuite> <!-- RunnerClass_one.PAymentGateway_country_dropdown_field_blank_13_LTC -->
