<?xml version="1.0" encoding="UTF-8"?>
<!-- Generated by org.testng.reporters.JUnitReportReporter -->
<testsuite hostname="DESKTOP-TEPTGH9" failures="0" tests="1" name="RunnerClass_one.DashBoard_btc_purchase_button_functionality" time="6.543" errors="0" timestamp="2022-11-06T22:17:07 IST" skipped="0">
  <testcase classname="RunnerClass_one.DashBoard_btc_purchase_button_functionality" name="user_LANDING_STATUS" time="6.543"/>
  <system-out>
    <![CDATA[Passed-Check that functinality of purchase button.(btc )]]>
  </system-out>
</testsuite> <!-- RunnerClass_one.DashBoard_btc_purchase_button_functionality -->
