<?xml version="1.0" encoding="UTF-8"?>
<!-- Generated by org.testng.reporters.JUnitReportReporter -->
<testsuite hostname="DESKTOP-TEPTGH9" failures="0" tests="1" name="RunnerClass.Error_in_payment_gatewayScreen" time="11.122" errors="0" timestamp="2022-10-19T14:33:18 IST" skipped="0">
  <testcase classname="RunnerClass.Error_in_payment_gatewayScreen" name="error_message" time="11.122"/>
  <system-out/>
</testsuite> <!-- RunnerClass.Error_in_payment_gatewayScreen -->
