<?xml version="1.0" encoding="UTF-8"?>
<!-- Generated by org.testng.reporters.JUnitReportReporter -->
<testsuite hostname="DESKTOP-TEPTGH9" failures="0" tests="1" name="RunnerClass_one.hAmberger_menu__Preference_backbutton_functiality_menu" time="15.896" errors="0" timestamp="2022-11-11T13:58:46 IST" skipped="0">
  <testcase classname="RunnerClass_one.hAmberger_menu__Preference_backbutton_functiality_menu" name="click_on_TransactonHistory_Menu" time="15.896"/>
  <system-out>
    <![CDATA[Profile menu showing ,meaning user is  landing on hamberger menu
Back button is working,meaning user landing on :My Balance
Passed- 2 FA back button is working]]>
  </system-out>
</testsuite> <!-- RunnerClass_one.hAmberger_menu__Preference_backbutton_functiality_menu -->
