<?xml version="1.0" encoding="UTF-8"?>
<!-- Generated by org.testng.reporters.JUnitReportReporter -->
<testsuite hostname="DESKTOP-TEPTGH9" failures="0" tests="1" name="RunnerClass_one.Deposit_buy_button_functionality" time="6.099" errors="0" timestamp="2022-11-03T14:26:56 IST" skipped="0">
  <testcase classname="RunnerClass_one.Deposit_buy_button_functionality" name="launchBroswser" time="6.099"/>
  <system-out/>
</testsuite> <!-- RunnerClass_one.Deposit_buy_button_functionality -->
