<?xml version="1.0" encoding="UTF-8"?>
<!-- Generated by org.testng.reporters.JUnitReportReporter -->
<testsuite hostname="DESKTOP-TEPTGH9" failures="0" tests="1" name="RunnerClass_one.New_user_datefield_blank_string_nextbutton_status" time="9.425" errors="0" timestamp="2022-10-28T13:00:52 IST" skipped="0">
  <testcase classname="RunnerClass_one.New_user_datefield_blank_string_nextbutton_status" name="First_name_validation" time="9.425"/>
  <system-out/>
</testsuite> <!-- RunnerClass_one.New_user_datefield_blank_string_nextbutton_status -->
