<?xml version="1.0" encoding="UTF-8"?>
<!-- Generated by org.testng.reporters.JUnitReportReporter -->
<testsuite hostname="DESKTOP-TEPTGH9" failures="0" tests="1" name="RunnerClass_one.PAymentGateway_phonenumber_field_enter_string_symbol_12" time="52.303" errors="0" timestamp="2022-10-31T12:10:22 IST" skipped="0">
  <testcase classname="RunnerClass_one.PAymentGateway_phonenumber_field_enter_string_symbol_12" name="firstname_error_message" time="52.303"/>
  <system-out/>
</testsuite> <!-- RunnerClass_one.PAymentGateway_phonenumber_field_enter_string_symbol_12 -->
