<?xml version="1.0" encoding="UTF-8"?>
<!-- Generated by org.testng.reporters.JUnitReportReporter -->
<testsuite hostname="DESKTOP-TEPTGH9" failures="0" tests="1" name="RunnerClass_one.PAymentGateway_phonenumber_field_blank_9" time="47.502" errors="0" timestamp="2022-10-28T23:17:00 IST" skipped="0">
  <testcase classname="RunnerClass_one.PAymentGateway_phonenumber_field_blank_9" name="street_error_message" time="47.502"/>
  <system-out/>
</testsuite> <!-- RunnerClass_one.PAymentGateway_phonenumber_field_blank_9 -->
