<?xml version="1.0" encoding="UTF-8"?>
<!-- Generated by org.testng.reporters.JUnitReportReporter -->
<testsuite hostname="DESKTOP-TEPTGH9" failures="0" tests="1" name="RunnerClass_one.Deposit" time="21.662" errors="0" timestamp="2022-10-21T12:02:41 IST" skipped="0">
  <testcase classname="RunnerClass_one.Deposit" name="launchBroswser" time="21.662"/>
  <system-out/>
</testsuite> <!-- RunnerClass_one.Deposit -->
