<?xml version="1.0" encoding="UTF-8"?>
<!-- Generated by org.testng.reporters.JUnitReportReporter -->
<testsuite hostname="DESKTOP-TEPTGH9" failures="0" tests="1" name="RunnerClass_one.Deposit_balance_BTC" time="5.458" errors="0" timestamp="2022-11-07T10:49:14 IST" skipped="0">
  <testcase classname="RunnerClass_one.Deposit_balance_BTC" name="btc_balance_show_deposit_window" time="5.458"/>
  <system-out>
    <![CDATA[0.00000000]]>
  </system-out>
</testsuite> <!-- RunnerClass_one.Deposit_balance_BTC -->
