<?xml version="1.0" encoding="UTF-8"?>
<!-- Generated by org.testng.reporters.JUnitReportReporter -->
<testsuite hostname="DESKTOP-TEPTGH9" failures="0" tests="1" name="RunnerClass_one.Purchase_button_functinality_LTC" time="12.448" errors="0" timestamp="2022-11-09T17:07:46 IST" skipped="0">
  <testcase classname="RunnerClass_one.Purchase_button_functinality_LTC" name="POST_avilable_balance" time="12.448"/>
  <system-out>
    <![CDATA[avilable balance(crypto)  btc :0
avilable balance (usd) btc :US $0.00
Enter valid amount [12.5]
POst estimated value (crypto) :0
POst estimated value (usd) : :US $12.00
window  :   Add Card
User landing on ,add card window 
Passed- Check that purchase buttton functionality ]]>
  </system-out>
</testsuite> <!-- RunnerClass_one.Purchase_button_functinality_LTC -->
