<?xml version="1.0" encoding="UTF-8"?>
<!-- Generated by org.testng.reporters.JUnitReportReporter -->
<testsuite hostname="DESKTOP-TEPTGH9" failures="0" tests="1" name="RunnerClass_one.Tranfer_window_Processing_fee_casino" time="12.426" errors="0" timestamp="2022-11-02T11:43:32 IST" skipped="0">
  <testcase classname="RunnerClass_one.Tranfer_window_Processing_fee_casino" name="processing_Fee" time="12.426"/>
  <system-out/>
</testsuite> <!-- RunnerClass_one.Tranfer_window_Processing_fee_casino -->
