<?xml version="1.0" encoding="UTF-8"?>
<!-- Generated by org.testng.reporters.JUnitReportReporter -->
<testsuite hostname="DESKTOP-TEPTGH9" failures="0" tests="1" name="RunnerClass_one.PurchaseDemo_Env_Avilablebalance_Purchasebuton_BTC" time="25.952" errors="0" timestamp="2022-11-08T13:07:31 IST" skipped="0">
  <testcase classname="RunnerClass_one.PurchaseDemo_Env_Avilablebalance_Purchasebuton_BTC" name="amountenter" time="25.952"/>
  <system-out>
    <![CDATA[Passed-Verify that  amount should  shows correctly  in estimated balance ]]>
  </system-out>
</testsuite> <!-- RunnerClass_one.PurchaseDemo_Env_Avilablebalance_Purchasebuton_BTC -->
