<?xml version="1.0" encoding="UTF-8"?>
<!-- Generated by org.testng.reporters.JUnitReportReporter -->
<testsuite hostname="DESKTOP-TEPTGH9" failures="0" tests="1" name="RunnerClass_one.hAmberger_menu_clicking_on_profile_menu" time="15.489" errors="0" timestamp="2022-11-14T09:03:31 IST" skipped="0">
  <testcase classname="RunnerClass_one.hAmberger_menu_clicking_on_profile_menu" name="click_on_Profile_Menu" time="15.489"/>
  <system-out>
    <![CDATA[Profile menu showing ,meaning user is  landing on hamberger menu
profile button is clickable
Passed-Check that functinality of profile buttton]]>
  </system-out>
</testsuite> <!-- RunnerClass_one.hAmberger_menu_clicking_on_profile_menu -->
