<?xml version="1.0" encoding="UTF-8"?>
<!-- Generated by org.testng.reporters.JUnitReportReporter -->
<testsuite hostname="DESKTOP-TEPTGH9" failures="0" tests="1" name="RunnerClass_one.Tranfer_window_Processing_fee" time="11.582" errors="0" timestamp="2022-11-02T11:38:46 IST" skipped="0">
  <testcase classname="RunnerClass_one.Tranfer_window_Processing_fee" name="processing_Fee" time="11.582"/>
  <system-out/>
</testsuite> <!-- RunnerClass_one.Tranfer_window_Processing_fee -->
