<?xml version="1.0" encoding="UTF-8"?>
<!-- Generated by org.testng.reporters.JUnitReportReporter -->
<testsuite hostname="DESKTOP-TEPTGH9" failures="0" tests="1" name="RunnerClass_one.Purchase_USer_Enter_string_purchase_buttonstatus_BTC" time="10.810" errors="0" timestamp="2022-11-08T12:57:42 IST" skipped="0">
  <testcase classname="RunnerClass_one.Purchase_USer_Enter_string_purchase_buttonstatus_BTC" name="avilable_balance" time="10.810"/>
  <system-out>
    <![CDATA[avilable balance(crypto)  btc :0.00044823
avilable balance (usd) btc :US $8.86
Enter string vale in amount field
Purchase button is disable 
Passed- after entring string value ,Purchase button is disable]]>
  </system-out>
</testsuite> <!-- RunnerClass_one.Purchase_USer_Enter_string_purchase_buttonstatus_BTC -->
