<?xml version="1.0" encoding="UTF-8"?>
<!-- Generated by org.testng.reporters.JUnitReportReporter -->
<testsuite hostname="DESKTOP-TEPTGH9" failures="0" tests="1" name="RunnerClass_one.Purchase_USer_POST_estimated_balance_status_BTC" time="11.921" errors="0" timestamp="2022-11-08T13:05:39 IST" skipped="0">
  <testcase classname="RunnerClass_one.Purchase_USer_POST_estimated_balance_status_BTC" name="POST_avilable_balance" time="11.921"/>
  <system-out>
    <![CDATA[avilable balance(crypto)  btc :0.00044823
avilable balance (usd) btc :US $8.86
Enter valid amount [12.5]
POst estimated value (crypto) :0.00044823
POst estimated value (usd) : :US $20.86]]>
  </system-out>
</testsuite> <!-- RunnerClass_one.Purchase_USer_POST_estimated_balance_status_BTC -->
