<?xml version="1.0" encoding="UTF-8"?>
<!-- Generated by org.testng.reporters.JUnitReportReporter -->
<testsuite hostname="DESKTOP-TEPTGH9" failures="0" tests="1" name="RunnerClass_one.Purchase_AMOUNT_field_enter_valid_amount_PurchaseButton_LTC" time="13.762" errors="0" timestamp="2022-11-08T17:14:40 IST" skipped="0">
  <testcase classname="RunnerClass_one.Purchase_AMOUNT_field_enter_valid_amount_PurchaseButton_LTC" name="checkstatus" time="13.762"/>
  <system-out>
    <![CDATA[Enter valid amount in amount field 
Passed-Verify that user enter valid amount in amount field then purchase button is enable.]]>
  </system-out>
</testsuite> <!-- RunnerClass_one.Purchase_AMOUNT_field_enter_valid_amount_PurchaseButton_LTC -->
