<?xml version="1.0" encoding="UTF-8"?>
<!-- Generated by org.testng.reporters.JUnitReportReporter -->
<testsuite hostname="DESKTOP-TEPTGH9" failures="0" tests="1" name="RunnerClass_one.hAmberger_menu_click_1" time="5.279" errors="0" timestamp="2022-11-11T11:04:21 IST" skipped="0">
  <testcase classname="RunnerClass_one.hAmberger_menu_click_1" name="click_on_hamnbergerMenu" time="5.279"/>
  <system-out>
    <![CDATA[Profile menu showing ,meaning user is  landing on hamberger menu
Passed- Hambermenu is Clickable]]>
  </system-out>
</testsuite> <!-- RunnerClass_one.hAmberger_menu_click_1 -->
