<?xml version="1.0" encoding="UTF-8"?>
<!-- Generated by org.testng.reporters.JUnitReportReporter -->
<testsuite hostname="DESKTOP-TEPTGH9" failures="0" tests="1" name="RunnerClass.TCNO11_Demo_Env_Avilablebalance" time="26.147" errors="0" timestamp="2022-11-01T13:34:02 IST" skipped="0">
  <testcase classname="RunnerClass.TCNO11_Demo_Env_Avilablebalance" name="amountenter" time="26.147"/>
  <system-out>
    <![CDATA[TCNO11. Verify that  amount should  shows correctly  in estimated balance ]]>
  </system-out>
</testsuite> <!-- RunnerClass.TCNO11_Demo_Env_Avilablebalance -->
