<?xml version="1.0" encoding="UTF-8"?>
<!-- Generated by org.testng.reporters.JUnitReportReporter -->
<testsuite hostname="DESKTOP-TEPTGH9" failures="0" tests="1" name="RunnerClass_one.Tranfer_window_valid_amount_Quick_buton_status_BTC" time="16.958" errors="0" timestamp="2022-11-08T13:27:42 IST" skipped="0">
  <testcase classname="RunnerClass_one.Tranfer_window_valid_amount_Quick_buton_status_BTC" name="max_amount_error" time="16.958"/>
  <system-out>
    <![CDATA[Enter valid amount : 11
avaliabale balance: US $8.88
Quick transfer button is disabled
Failed- After entring valid amount ,Quick transfer button is disabled]]>
  </system-out>
</testsuite> <!-- RunnerClass_one.Tranfer_window_valid_amount_Quick_buton_status_BTC -->
