<?xml version="1.0" encoding="UTF-8"?>
<!-- Generated by org.testng.reporters.JUnitReportReporter -->
<testsuite hostname="DESKTOP-TEPTGH9" failures="0" tests="1" name="RunnerClass_one.hAmberger_menu_clicking_on_Transaction_histrory_txn_pop_open" time="23.230" errors="0" timestamp="2022-11-11T16:24:43 IST" skipped="0">
  <testcase classname="RunnerClass_one.hAmberger_menu_clicking_on_Transaction_histrory_txn_pop_open" name="click_on_TransactonHistory_Menu" time="23.230"/>
  <system-out>
    <![CDATA[Profile menu showing ,meaning user is  landing on hamberger menu
After click on transaction txn popup is  open]]>
  </system-out>
</testsuite> <!-- RunnerClass_one.hAmberger_menu_clicking_on_Transaction_histrory_txn_pop_open -->
