<?xml version="1.0" encoding="UTF-8"?>
<!-- Generated by org.testng.reporters.JUnitReportReporter -->
<testsuite hostname="DESKTOP-TEPTGH9" failures="0" tests="1" name="RunnerClass_one.Tranfer_window_Processing_fee_casino_BTC" time="12.152" errors="0" timestamp="2022-11-08T13:55:23 IST" skipped="0">
  <testcase classname="RunnerClass_one.Tranfer_window_Processing_fee_casino_BTC" name="processing_Fee" time="12.152"/>
  <system-out/>
</testsuite> <!-- RunnerClass_one.Tranfer_window_Processing_fee_casino_BTC -->
