<?xml version="1.0" encoding="UTF-8"?>
<!-- Generated by org.testng.reporters.JUnitReportReporter -->
<testsuite hostname="DESKTOP-TEPTGH9" failures="0" tests="1" name="RunnerClass_one.TCNO12_1_7_AMOUNT_field_enter_string" time="13.601" errors="0" timestamp="2022-10-19T15:13:34 IST" skipped="0">
  <testcase classname="RunnerClass_one.TCNO12_1_7_AMOUNT_field_enter_string" name="checkstatus" time="13.601"/>
  <system-out/>
</testsuite> <!-- RunnerClass_one.TCNO12_1_7_AMOUNT_field_enter_string -->
