<?xml version="1.0" encoding="UTF-8"?>
<!-- Generated by org.testng.reporters.JUnitReportReporter -->
<testsuite hostname="DESKTOP-TEPTGH9" failures="0" tests="1" name="RunnerClass_one.Purchase_Swap_enter_crypto_amount_usd_amount_show_LTC" time="18.257" errors="0" timestamp="2022-11-09T19:37:17 IST" skipped="0">
  <testcase classname="RunnerClass_one.Purchase_Swap_enter_crypto_amount_usd_amount_show_LTC" name="avilable_balance" time="18.257"/>
  <system-out>
    <![CDATA[Enter crypto amount : 0.00068227 
Purchase button is enable
Passed- Verify that entering crypto amount usd amount showing and purchase button is enable ]]>
  </system-out>
</testsuite> <!-- RunnerClass_one.Purchase_Swap_enter_crypto_amount_usd_amount_show_LTC -->
