<?xml version="1.0" encoding="UTF-8"?>
<!-- Generated by org.testng.reporters.JUnitReportReporter -->
<testsuite hostname="DESKTOP-TEPTGH9" failures="0" tests="1" name="RunnerClass_one.Deposit_buy_button_functionality_BTC" time="5.481" errors="0" timestamp="2022-11-03T15:50:24 IST" skipped="0">
  <testcase classname="RunnerClass_one.Deposit_buy_button_functionality_BTC" name="launchBroswser" time="5.481"/>
  <system-out/>
</testsuite> <!-- RunnerClass_one.Deposit_buy_button_functionality_BTC -->
