<?xml version="1.0" encoding="UTF-8"?>
<!-- Generated by org.testng.reporters.JUnitReportReporter -->
<testsuite hostname="DESKTOP-TEPTGH9" failures="0" tests="1" name="RunnerClass_one.PurchaseDemo_Env_Avilablebalance" time="25.992" errors="0" timestamp="2022-11-03T12:09:50 IST" skipped="0">
  <testcase classname="RunnerClass_one.PurchaseDemo_Env_Avilablebalance" name="amountenter" time="25.992"/>
  <system-out>
    <![CDATA[TCNO11. Verify that  amount should  shows correctly  in estimated balance ]]>
  </system-out>
</testsuite> <!-- RunnerClass_one.PurchaseDemo_Env_Avilablebalance -->
